app_jsbridge/build/outputs/logs/manifest-merger-debug-report.txt
-- Merging decision tree log ---
provider#com.csd.webview.MyFileProvider
INJECTED from src\main\AndroidManifest.xml:20:9-28:20
	android:grantUriPermissions
		ADDED from src\main\AndroidManifest.xml:24:13-47
	android:authorities
		INJECTED from src\main\AndroidManifest.xml
		ADDED from src\main\AndroidManifest.xml:22:13-60
	android:exported
		ADDED from src\main\AndroidManifest.xml:23:13-37
	android:name
		ADDED from src\main\AndroidManifest.xml:21:13-43
manifest
ADDED from src\main\AndroidManifest.xml:2:1-57:12
INJECTED from src\main\AndroidManifest.xml:2:1-57:12
INJECTED from src\main\AndroidManifest.xml:2:1-57:12
INJECTED from src\main\AndroidManifest.xml:2:1-57:12
MERGED from [com.android.support:design:27.1.1] AndroidManifest.xml:17:1-22:12
MERGED from [cn.finalteam.rxgalleryfinal:library:1.1.3] AndroidManifest.xml:2:1-12:12
MERGED from [com.yalantis:ucrop:2.2.0] AndroidManifest.xml:2:1-12:12
MERGED from [com.android.support:appcompat-v7:27.1.1] AndroidManifest.xml:17:1-22:12
MERGED from [com.yanzhenjie:permission:2.0.0-rc12] AndroidManifest.xml:17:1-43:12
MERGED from [com.android.support:recyclerview-v7:27.1.1] AndroidManifest.xml:17:1-22:12
MERGED from [com.github.lzyzsd:jsbridge:1.0.4] AndroidManifest.xml:2:1-16:12
MERGED from [com.android.support:support-v4:27.1.1] AndroidManifest.xml:17:1-22:12
MERGED from [com.android.support:support-fragment:27.1.1] AndroidManifest.xml:17:1-22:12
MERGED from [com.android.support:animated-vector-drawable:27.1.1] AndroidManifest.xml:17:1-22:12
MERGED from [com.android.support:support-core-ui:27.1.1] AndroidManifest.xml:17:1-22:12
MERGED from [com.android.support:support-core-utils:27.1.1] AndroidManifest.xml:17:1-22:12
MERGED from [com.android.support:support-vector-drawable:27.1.1] AndroidManifest.xml:17:1-22:12
MERGED from [com.android.support:transition:27.1.1] AndroidManifest.xml:17:1-22:12
MERGED from [com.android.support:exifinterface:25.3.1] AndroidManifest.xml:17:1-28:12
MERGED from [com.android.support:support-media-compat:27.1.1] AndroidManifest.xml:17:1-22:12
MERGED from [com.android.support:support-compat:27.1.1] AndroidManifest.xml:17:1-22:12
MERGED from [io.reactivex.rxjava2:rxandroid:2.0.1] AndroidManifest.xml:15:1-21:12
MERGED from [android.arch.lifecycle:livedata-core:1.1.0] AndroidManifest.xml:17:1-22:12
MERGED from [android.arch.lifecycle:viewmodel:1.1.0] AndroidManifest.xml:17:1-22:12
MERGED from [android.arch.lifecycle:runtime:1.1.0] AndroidManifest.xml:17:1-22:12
MERGED from [android.arch.core:runtime:1.1.0] AndroidManifest.xml:17:1-22:12
INJECTED from src\main\AndroidManifest.xml:2:1-57:12
INJECTED from src\main\AndroidManifest.xml:2:1-57:12
INJECTED from src\main\AndroidManifest.xml:2:1-57:12
	package
		ADDED from src\main\AndroidManifest.xml:3:5-30
		INJECTED from src\main\AndroidManifest.xml
		INJECTED from src\main\AndroidManifest.xml
	android:versionName
		INJECTED from src\main\AndroidManifest.xml
		ADDED from src\main\AndroidManifest.xml:2:1-57:12
		INJECTED from src\main\AndroidManifest.xml
	android:versionCode
		INJECTED from src\main\AndroidManifest.xml
		ADDED from src\main\AndroidManifest.xml:2:1-57:12
		INJECTED from src\main\AndroidManifest.xml
	xmlns:android
		ADDED from src\main\AndroidManifest.xml:2:11-69
uses-permission#android.permission.INTERNET
ADDED from src\main\AndroidManifest.xml:5:5-67
	android:name
		ADDED from src\main\AndroidManifest.xml:5:22-64
uses-permission#android.permission.CAMERA
ADDED from src\main\AndroidManifest.xml:6:5-65
	android:name
		ADDED from src\main\AndroidManifest.xml:6:22-62
uses-permission#android.permission.READ_EXTERNAL_STORAGE
ADDED from src\main\AndroidManifest.xml:7:5-80
	android:name
		ADDED from src\main\AndroidManifest.xml:7:22-77
uses-permission#android.permission.WRITE_EXTERNAL_STORAGE
ADDED from src\main\AndroidManifest.xml:8:5-81
	android:name
		ADDED from src\main\AndroidManifest.xml:8:22-78
uses-permission#android.permission.RECORD_AUDIO
ADDED from src\main\AndroidManifest.xml:9:5-71
	android:name
		ADDED from src\main\AndroidManifest.xml:9:22-68
application
ADDED from src\main\AndroidManifest.xml:11:5-55:19
MERGED from [com.yanzhenjie:permission:2.0.0-rc12] AndroidManifest.xml:24:5-41:19
MERGED from [com.yanzhenjie:permission:2.0.0-rc12] AndroidManifest.xml:24:5-41:19
MERGED from [com.github.lzyzsd:jsbridge:1.0.4] AndroidManifest.xml:11:5-14:19
MERGED from [com.github.lzyzsd:jsbridge:1.0.4] AndroidManifest.xml:11:5-14:19
MERGED from [com.android.support:exifinterface:25.3.1] AndroidManifest.xml:26:5-20
MERGED from [com.android.support:exifinterface:25.3.1] AndroidManifest.xml:26:5-20
	android:supportsRtl
		ADDED from src\main\AndroidManifest.xml:17:9-35
	android:label
		ADDED from src\main\AndroidManifest.xml:15:9-41
	android:roundIcon
		ADDED from src\main\AndroidManifest.xml:16:9-54
	android:icon
		ADDED from src\main\AndroidManifest.xml:14:9-43
	android:allowBackup
		ADDED from src\main\AndroidManifest.xml:13:9-35
	android:theme
		ADDED from src\main\AndroidManifest.xml:18:9-40
	android:name
		ADDED from src\main\AndroidManifest.xml:12:9-40
activity#com.csd.webview.MainActivity
ADDED from src\main\AndroidManifest.xml:30:9-36:20
	android:name
		ADDED from src\main\AndroidManifest.xml:30:19-47
intent-filter#action:name:android.intent.action.MAIN+category:name:android.intent.category.LAUNCHER
ADDED from src\main\AndroidManifest.xml:31:13-35:29
action#android.intent.action.MAIN
ADDED from src\main\AndroidManifest.xml:32:17-69
	android:name
		ADDED from src\main\AndroidManifest.xml:32:25-66
category#android.intent.category.LAUNCHER
ADDED from src\main\AndroidManifest.xml:34:17-77
	android:name
		ADDED from src\main\AndroidManifest.xml:34:27-74
activity#com.csd.webview.MyWebViewActivity
ADDED from src\main\AndroidManifest.xml:38:9-42:63
	android:screenOrientation
		ADDED from src\main\AndroidManifest.xml:41:13-49
	android:windowSoftInputMode
		ADDED from src\main\AndroidManifest.xml:42:13-60
	android:configChanges
		ADDED from src\main\AndroidManifest.xml:40:13-74
	android:name
		ADDED from src\main\AndroidManifest.xml:39:13-46
activity#cn.finalteam.rxgalleryfinal.ui.activity.MediaActivity
ADDED from src\main\AndroidManifest.xml:46:9-49:55
	android:exported
		ADDED from src\main\AndroidManifest.xml:48:13-36
	android:theme
		ADDED from src\main\AndroidManifest.xml:49:13-52
	android:name
		ADDED from src\main\AndroidManifest.xml:47:13-81
activity#com.yalantis.ucrop.UCropActivity
ADDED from src\main\AndroidManifest.xml:51:9-53:52
	android:screenOrientation
		ADDED from src\main\AndroidManifest.xml:53:13-49
	android:name
		ADDED from src\main\AndroidManifest.xml:52:13-60
uses-sdk
INJECTED from src\main\AndroidManifest.xml reason: use-sdk injection requested
INJECTED from src\main\AndroidManifest.xml
INJECTED from src\main\AndroidManifest.xml
MERGED from [com.android.support:design:27.1.1] AndroidManifest.xml:20:5-44
MERGED from [com.android.support:design:27.1.1] AndroidManifest.xml:20:5-44
MERGED from [cn.finalteam.rxgalleryfinal:library:1.1.3] AndroidManifest.xml:8:5-10:41
MERGED from [cn.finalteam.rxgalleryfinal:library:1.1.3] AndroidManifest.xml:8:5-10:41
MERGED from [com.yalantis:ucrop:2.2.0] AndroidManifest.xml:8:5-10:41
MERGED from [com.yalantis:ucrop:2.2.0] AndroidManifest.xml:8:5-10:41
MERGED from [com.android.support:appcompat-v7:27.1.1] AndroidManifest.xml:20:5-44
MERGED from [com.android.support:appcompat-v7:27.1.1] AndroidManifest.xml:20:5-44
MERGED from [com.yanzhenjie:permission:2.0.0-rc12] AndroidManifest.xml:20:5-22:41
MERGED from [com.yanzhenjie:permission:2.0.0-rc12] AndroidManifest.xml:20:5-22:41
MERGED from [com.android.support:recyclerview-v7:27.1.1] AndroidManifest.xml:20:5-44
MERGED from [com.android.support:recyclerview-v7:27.1.1] AndroidManifest.xml:20:5-44
MERGED from [com.github.lzyzsd:jsbridge:1.0.4] AndroidManifest.xml:7:5-9:41
MERGED from [com.github.lzyzsd:jsbridge:1.0.4] AndroidManifest.xml:7:5-9:41
MERGED from [com.android.support:support-v4:27.1.1] AndroidManifest.xml:20:5-44
MERGED from [com.android.support:support-v4:27.1.1] AndroidManifest.xml:20:5-44
MERGED from [com.android.support:support-fragment:27.1.1] AndroidManifest.xml:20:5-44
MERGED from [com.android.support:support-fragment:27.1.1] AndroidManifest.xml:20:5-44
MERGED from [com.android.support:animated-vector-drawable:27.1.1] AndroidManifest.xml:20:5-44
MERGED from [com.android.support:animated-vector-drawable:27.1.1] AndroidManifest.xml:20:5-44
MERGED from [com.android.support:support-core-ui:27.1.1] AndroidManifest.xml:20:5-44
MERGED from [com.android.support:support-core-ui:27.1.1] AndroidManifest.xml:20:5-44
MERGED from [com.android.support:support-core-utils:27.1.1] AndroidManifest.xml:20:5-44
MERGED from [com.android.support:support-core-utils:27.1.1] AndroidManifest.xml:20:5-44
MERGED from [com.android.support:support-vector-drawable:27.1.1] AndroidManifest.xml:20:5-44
MERGED from [com.android.support:support-vector-drawable:27.1.1] AndroidManifest.xml:20:5-44
MERGED from [com.android.support:transition:27.1.1] AndroidManifest.xml:20:5-44
MERGED from [com.android.support:transition:27.1.1] AndroidManifest.xml:20:5-44
MERGED from [com.android.support:exifinterface:25.3.1] AndroidManifest.xml:20:5-43
MERGED from [com.android.support:exifinterface:25.3.1] AndroidManifest.xml:20:5-43
MERGED from [com.android.support:support-media-compat:27.1.1] AndroidManifest.xml:20:5-44
MERGED from [com.android.support:support-media-compat:27.1.1] AndroidManifest.xml:20:5-44
MERGED from [com.android.support:support-compat:27.1.1] AndroidManifest.xml:20:5-44
MERGED from [com.android.support:support-compat:27.1.1] AndroidManifest.xml:20:5-44
MERGED from [io.reactivex.rxjava2:rxandroid:2.0.1] AndroidManifest.xml:19:5-43
MERGED from [io.reactivex.rxjava2:rxandroid:2.0.1] AndroidManifest.xml:19:5-43
MERGED from [android.arch.lifecycle:livedata-core:1.1.0] AndroidManifest.xml:20:5-44
MERGED from [android.arch.lifecycle:livedata-core:1.1.0] AndroidManifest.xml:20:5-44
MERGED from [android.arch.lifecycle:viewmodel:1.1.0] AndroidManifest.xml:20:5-44
MERGED from [android.arch.lifecycle:viewmodel:1.1.0] AndroidManifest.xml:20:5-44
MERGED from [android.arch.lifecycle:runtime:1.1.0] AndroidManifest.xml:20:5-44
MERGED from [android.arch.lifecycle:runtime:1.1.0] AndroidManifest.xml:20:5-44
MERGED from [android.arch.core:runtime:1.1.0] AndroidManifest.xml:20:5-44
MERGED from [android.arch.core:runtime:1.1.0] AndroidManifest.xml:20:5-44
INJECTED from src\main\AndroidManifest.xml
INJECTED from src\main\AndroidManifest.xml
	android:targetSdkVersion
		INJECTED from src\main\AndroidManifest.xml
		ADDED from src\main\AndroidManifest.xml
		INJECTED from src\main\AndroidManifest.xml
	android:minSdkVersion
		INJECTED from src\main\AndroidManifest.xml
		ADDED from src\main\AndroidManifest.xml
		INJECTED from src\main\AndroidManifest.xml
meta-data#android.support.FILE_PROVIDER_PATHS
ADDED from src\main\AndroidManifest.xml:25:13-27:57
	android:resource
		ADDED from src\main\AndroidManifest.xml:27:17-54
	android:name
		ADDED from src\main\AndroidManifest.xml:26:17-67
activity#com.yanzhenjie.permission.PermissionActivity
ADDED from [com.yanzhenjie:permission:2.0.0-rc12] AndroidManifest.xml:25:9-30:75
	android:launchMode
		ADDED from [com.yanzhenjie:permission:2.0.0-rc12] AndroidManifest.xml:28:13-42
	android:windowSoftInputMode
		ADDED from [com.yanzhenjie:permission:2.0.0-rc12] AndroidManifest.xml:30:13-72
	android:configChanges
		ADDED from [com.yanzhenjie:permission:2.0.0-rc12] AndroidManifest.xml:27:13-74
	android:theme
		ADDED from [com.yanzhenjie:permission:2.0.0-rc12] AndroidManifest.xml:29:13-61
	android:name
		ADDED from [com.yanzhenjie:permission:2.0.0-rc12] AndroidManifest.xml:26:13-72
provider#com.yanzhenjie.permission.FileProvider
ADDED from [com.yanzhenjie:permission:2.0.0-rc12] AndroidManifest.xml:32:9-40:20
	android:grantUriPermissions
		ADDED from [com.yanzhenjie:permission:2.0.0-rc12] AndroidManifest.xml:36:13-47
	android:authorities
		ADDED from [com.yanzhenjie:permission:2.0.0-rc12] AndroidManifest.xml:34:13-67
	android:exported
		ADDED from [com.yanzhenjie:permission:2.0.0-rc12] AndroidManifest.xml:35:13-37
	android:name
		ADDED from [com.yanzhenjie:permission:2.0.0-rc12] AndroidManifest.xml:33:13-66
meta-data#android.support.VERSION
ADDED from [com.android.support:exifinterface:25.3.1] AndroidManifest.xml:22:5-24:34
	android:value
		ADDED from [com.android.support:exifinterface:25.3.1] AndroidManifest.xml:24:9-31
	android:name
		ADDED from [com.android.support:exifinterface:25.3.1] AndroidManifest.xml:23:9-47